<?xml version="1.0" encoding="UTF-8"?>
<!-- Generated by org.testng.reporters.JUnitReportReporter -->
<testsuite hostname="USHYDARATIPAND5" name="TestRunners.TestNgTestRunner" tests="1" failures="0" timestamp="22 Aug 2018 15:04:42 GMT" time="845.486" errors="0">
  <testcase name="feature" time="845.486" classname="TestRunners.TestNgTestRunner"/>
</testsuite> <!-- TestRunners.TestNgTestRunner -->
